<?xml version="1.0" encoding="UTF-8" ?>
<testsuite tests="19" failures="0" name="org.bogdanvaduva.junit.revolut.TestRevolut" time="2.147" errors="0" skipped="0">
  <properties>
    <property name="java.runtime.name" value="Java(TM) SE Runtime Environment"/>
    <property name="sun.boot.library.path" value="/usr/lib/jvm/java-8-oracle/jre/lib/amd64"/>
    <property name="java.vm.version" value="25.191-b12"/>
    <property name="java.vm.vendor" value="Oracle Corporation"/>
    <property name="java.vendor.url" value="http://java.oracle.com/"/>
    <property name="path.separator" value=":"/>
    <property name="guice.disable.misplaced.annotation.check" value="true"/>
    <property name="java.vm.name" value="Java HotSpot(TM) 64-Bit Server VM"/>
    <property name="file.encoding.pkg" value="sun.io"/>
    <property name="user.country" value="US"/>
    <property name="sun.java.launcher" value="SUN_STANDARD"/>
    <property name="sun.os.patch.level" value="unknown"/>
    <property name="java.vm.specification.name" value="Java Virtual Machine Specification"/>
    <property name="user.dir" value="/home/bogdan/Bogdan/samples"/>
    <property name="java.runtime.version" value="1.8.0_191-b12"/>
    <property name="java.awt.graphicsenv" value="sun.awt.X11GraphicsEnvironment"/>
    <property name="java.endorsed.dirs" value="/usr/lib/jvm/java-8-oracle/jre/lib/endorsed"/>
    <property name="os.arch" value="amd64"/>
    <property name="java.io.tmpdir" value="/tmp"/>
    <property name="line.separator" value="
"/>
    <property name="java.vm.specification.vendor" value="Oracle Corporation"/>
    <property name="os.name" value="Linux"/>
    <property name="maven.ext.class.path" value="/home/bogdan/netbeans-8.2/java/maven-nblib/netbeans-eventspy.jar"/>
    <property name="classworlds.conf" value="/home/bogdan/netbeans-8.2/java/maven/bin/m2.conf"/>
    <property name="sun.jnu.encoding" value="UTF-8"/>
    <property name="java.library.path" value="/usr/lib/jvm/java-8-oracle/jre/lib/amd64:/usr/lib/jvm/java-8-oracle/jre/lib/i386::/usr/java/packages/lib/amd64:/usr/lib64:/lib64:/lib:/usr/lib"/>
    <property name="java.specification.name" value="Java Platform API Specification"/>
    <property name="java.class.version" value="52.0"/>
    <property name="sun.management.compiler" value="HotSpot 64-Bit Tiered Compilers"/>
    <property name="os.version" value="4.9.0-8-amd64"/>
    <property name="user.home" value="/home/bogdan"/>
    <property name="user.timezone" value="Europe/Bucharest"/>
    <property name="java.awt.printerjob" value="sun.print.PSPrinterJob"/>
    <property name="file.encoding" value="UTF-8"/>
    <property name="java.specification.version" value="1.8"/>
    <property name="user.name" value="bogdan"/>
    <property name="java.class.path" value="/home/bogdan/netbeans-8.2/java/maven/boot/plexus-classworlds-2.4.jar"/>
    <property name="java.vm.specification.version" value="1.8"/>
    <property name="sun.arch.data.model" value="64"/>
    <property name="java.home" value="/usr/lib/jvm/java-8-oracle/jre"/>
    <property name="sun.java.command" value="org.codehaus.plexus.classworlds.launcher.Launcher -Dmaven.ext.class.path=/home/bogdan/netbeans-8.2/java/maven-nblib/netbeans-eventspy.jar clean install"/>
    <property name="java.specification.vendor" value="Oracle Corporation"/>
    <property name="user.language" value="en"/>
    <property name="awt.toolkit" value="sun.awt.X11.XToolkit"/>
    <property name="java.vm.info" value="mixed mode"/>
    <property name="java.version" value="1.8.0_191"/>
    <property name="java.ext.dirs" value="/usr/lib/jvm/java-8-oracle/jre/lib/ext:/usr/java/packages/lib/ext"/>
    <property name="securerandom.source" value="file:/dev/./urandom"/>
    <property name="sun.boot.class.path" value="/usr/lib/jvm/java-8-oracle/jre/lib/resources.jar:/usr/lib/jvm/java-8-oracle/jre/lib/rt.jar:/usr/lib/jvm/java-8-oracle/jre/lib/sunrsasign.jar:/usr/lib/jvm/java-8-oracle/jre/lib/jsse.jar:/usr/lib/jvm/java-8-oracle/jre/lib/jce.jar:/usr/lib/jvm/java-8-oracle/jre/lib/charsets.jar:/usr/lib/jvm/java-8-oracle/jre/lib/jfr.jar:/usr/lib/jvm/java-8-oracle/jre/classes"/>
    <property name="java.vendor" value="Oracle Corporation"/>
    <property name="maven.home" value="/home/bogdan/netbeans-8.2/java/maven"/>
    <property name="file.separator" value="/"/>
    <property name="java.vendor.url.bug" value="http://bugreport.sun.com/bugreport/"/>
    <property name="sun.cpu.endian" value="little"/>
    <property name="sun.io.unicode.encoding" value="UnicodeLittle"/>
    <property name="sun.desktop" value="gnome"/>
    <property name="sun.cpu.isalist" value=""/>
  </properties>
  <testcase classname="org.bogdanvaduva.junit.revolut.TestRevolut" name="doTestAddBank" time="0.511"/>
  <testcase classname="org.bogdanvaduva.junit.revolut.TestRevolut" name="doTestGetCustomer" time="0.006"/>
  <testcase classname="org.bogdanvaduva.junit.revolut.TestRevolut" name="doTestDeleteAccount" time="0.049"/>
  <testcase classname="org.bogdanvaduva.junit.revolut.TestRevolut" name="doTestGetAllCustomers" time="0.011"/>
  <testcase classname="org.bogdanvaduva.junit.revolut.TestRevolut" name="doTestGetAccount" time="0.006"/>
  <testcase classname="org.bogdanvaduva.junit.revolut.TestRevolut" name="doTestGetAllTransactions" time="0.006"/>
  <testcase classname="org.bogdanvaduva.junit.revolut.TestRevolut" name="doTestGetBank" time="0.004"/>
  <testcase classname="org.bogdanvaduva.junit.revolut.TestRevolut" name="doTestGetAllBanks" time="0.006"/>
  <testcase classname="org.bogdanvaduva.junit.revolut.TestRevolut" name="doTestAddCustomer" time="0.056"/>
  <testcase classname="org.bogdanvaduva.junit.revolut.TestRevolut" name="doTestAddAccount" time="0.052"/>
  <testcase classname="org.bogdanvaduva.junit.revolut.TestRevolut" name="doTestGetDummyCustomer" time="0.005"/>
  <testcase classname="org.bogdanvaduva.junit.revolut.TestRevolut" name="doTestDeleteBank" time="0.05"/>
  <testcase classname="org.bogdanvaduva.junit.revolut.TestRevolut" name="doTestGetTransaction" time="0.003"/>
  <testcase classname="org.bogdanvaduva.junit.revolut.TestRevolut" name="doTestGetAllAccounts" time="0.015"/>
  <testcase classname="org.bogdanvaduva.junit.revolut.TestRevolut" name="doTestProcessTransfer" time="0.206"/>
  <testcase classname="org.bogdanvaduva.junit.revolut.TestRevolut" name="doTestGetDummyTransaction" time="0.005"/>
  <testcase classname="org.bogdanvaduva.junit.revolut.TestRevolut" name="doTestGetDummyAccount" time="0.004"/>
  <testcase classname="org.bogdanvaduva.junit.revolut.TestRevolut" name="doTestDeleteCustomer" time="0.054"/>
  <testcase classname="org.bogdanvaduva.junit.revolut.TestRevolut" name="doTestGetDummyBank" time="0.004"/>
</testsuite>